2025-02-04 14:39:18 - ERROR: Error moving file: images.png
2025-02-04 14:43:31 - ERROR: Error moving file: 71VGcHBaAHL.jpg
2025-02-04 14:46:29 - ERROR: Error moving file: 71VGcHBaAHL.jpg
2025-02-04 14:48:37 - ERROR: Error moving file: 71VGcHBaAHL.jpg
2025-02-04 14:51:28 - ERROR: Error moving file: 71VGcHBaAHL.jpg. Temporary file: . Target directory: /home/dcortes/Documents/42/webserv/www/html/uploads2
2025-02-04 14:54:25 - ERROR: Error moving file: 71VGcHBaAHL.jpg. Temporary file: . Target directory: /home/dcortes/Documents/42/webserv/www/html/uploads2
2025-02-04 14:55:16 - ERROR: Error moving file: 71VGcHBaAHL.jpg. Temporary file: . Target directory: /home/dcortes/Documents/42/webserv/www/html/uploads
2025-02-04 14:59:08 - ERROR: Error moving file: 71VGcHBaAHL.jpg. Temporary file: . Target directory: /home/dcortes/Documents/42/webserv/www/html/uploads
2025-02-04 15:03:22 - ERROR: File upload error: File was only partially uploaded.
2025-02-05 14:58:16 - ERROR: File upload error: File was only partially uploaded.
2025-02-05 15:19:53 - ERROR: File upload error: File was only partially uploaded.
2025-02-05 15:20:02 - ERROR: File upload error: File was only partially uploaded.
2025-02-05 15:37:51 - ERROR: File upload error: File was only partially uploaded.
2025-02-05 16:15:19 - ERROR: Invalid file type: ico for file: favicon.ico
2025-02-05 16:15:19 - ERROR: Upload failed for file: favicon.ico
2025-02-06 08:40:32 - ERROR: Invalid file type: php for file: hello.php
2025-02-06 08:40:32 - ERROR: Upload failed for file: hello.php
2025-02-07 12:03:56 - ERROR: File already exists: tree_1.jpg
2025-02-07 12:03:56 - ERROR: Upload failed for file: tree_1.jpg
2025-02-07 12:04:28 - ERROR: Invalid file type:  for file: gfdgdfg
2025-02-07 12:04:28 - ERROR: Upload failed for file: gfdgdfg
